<?xml version="1.0" encoding="UTF-8"?>
<!-- Generated by org.testng.reporters.JUnitReportReporter -->
<testsuite name="com.main.automationtask.Main" tests="6" time="26.432" ignored="0" failures="0" timestamp="12 Feb 2017 14:18:27 GMT" skipped="0" hostname="QA-LAB-LAP" errors="0">
  <testcase name="BgetToPageAndFilter" time="8.803" classname="com.main.automationtask.Main"/>
  <testcase name="DfindAmountOfCarsInPage" time="3.564" classname="com.main.automationtask.Main"/>
  <testcase name="FimageVerifier" time="0.536" classname="com.main.automationtask.Main"/>
  <testcase name="CverifyFilter" time="0.171" classname="com.main.automationtask.Main"/>
  <testcase name="EgettingAllCarsInfo" time="9.156" classname="com.main.automationtask.Main"/>
  <testcase name="AbeforeClass" time="4.202" classname="com.main.automationtask.Main"/>
</testsuite> <!-- com.main.automationtask.Main -->
